e:\vsprojects\cuarg\cuarg\x64\release\cuarg.pch
e:\vsprojects\cuarg\cuarg\x64\release\vc142.pdb
e:\vsprojects\cuarg\cuarg\x64\release\pch.obj
e:\vsprojects\cuarg\cuarg\x64\release\dllmain.obj
e:\vsprojects\cuarg\x64\release\cuarg.lib
e:\vsprojects\cuarg\x64\release\cuarg.exp
e:\vsprojects\cuarg\cuarg\x64\release\culib.cpp.obj
e:\vsprojects\cuarg\cuarg\x64\release\cuimagehandle.cpp.obj
e:\vsprojects\cuarg\x64\release\cuarg.dll
e:\vsprojects\cuarg\cuarg\x64\release\cuarg.ipdb
e:\vsprojects\cuarg\cuarg\x64\release\cuarg.iobj
e:\vsprojects\cuarg\x64\release\cuarg.pdb
e:\vsprojects\cuarg\cuarg\x64\release\cuimagehandle.cpp.cache
e:\vsprojects\cuarg\cuarg\x64\release\culib.cpp.cache
e:\vsprojects\cuarg\cuarg\x64\release\cuarg.tlog\cl.command.1.tlog
e:\vsprojects\cuarg\cuarg\x64\release\cuarg.tlog\cl.read.1.tlog
e:\vsprojects\cuarg\cuarg\x64\release\cuarg.tlog\cl.write.1.tlog
e:\vsprojects\cuarg\cuarg\x64\release\cuarg.tlog\cuarg.write.1u.tlog
e:\vsprojects\cuarg\cuarg\x64\release\cuarg.tlog\cudacompile.read.1u.tlog
e:\vsprojects\cuarg\cuarg\x64\release\cuarg.tlog\cudacompile.write.1u.tlog
e:\vsprojects\cuarg\cuarg\x64\release\cuarg.tlog\link.command.1.tlog
e:\vsprojects\cuarg\cuarg\x64\release\cuarg.tlog\link.read.1.tlog
e:\vsprojects\cuarg\cuarg\x64\release\cuarg.tlog\link.write.1.tlog
